digraph Tree {
node [shape=box, style="filled, rounded", color="black", fontname=helvetica] ;
edge [fontname=helvetica] ;
0 [label=<X<SUB>0</SUB> &le; 2.5<br/>gini = 0.42<br/>samples = 1000<br/>value = [300, 700]>, fillcolor="#399de592"] ;
1 [label=<X<SUB>1</SUB> &le; 22.5<br/>gini = 0.4933<br/>samples = 543<br/>value = [240, 303]>, fillcolor="#399de535"] ;
0 -> 1 [labeldistance=2.5, labelangle=45, headlabel="True"] ;
2 [label=<X<SUB>2</SUB> &le; 1.5<br/>gini = 0.4528<br/>samples = 306<br/>value = [106, 200]>, fillcolor="#399de578"] ;
1 -> 2 ;
3 [label=<X<SUB>3</SUB> &le; 7.0<br/>gini = 0.375<br/>samples = 28<br/>value = [21, 7]>, fillcolor="#e58139aa"] ;
2 -> 3 ;
4 [label=<X<SUB>10</SUB> &le; 3.5<br/>gini = 0.2688<br/>samples = 25<br/>value = [21, 4]>, fillcolor="#e58139ce"] ;
3 -> 4 ;
5 [label=<gini = 0.0<br/>samples = 15<br/>value = [15, 0]>, fillcolor="#e58139ff"] ;
4 -> 5 ;
6 [label=<X<SUB>18</SUB> &le; 1.5<br/>gini = 0.48<br/>samples = 10<br/>value = [6, 4]>, fillcolor="#e5813955"] ;
4 -> 6 ;
7 [label=<gini = 0.2778<br/>samples = 6<br/>value = [5, 1]>, fillcolor="#e58139cc"] ;
6 -> 7 ;
8 [label=<gini = 0.375<br/>samples = 4<br/>value = [1, 3]>, fillcolor="#399de5aa"] ;
6 -> 8 ;
9 [label=<gini = 0.0<br/>samples = 3<br/>value = [0, 3]>, fillcolor="#399de5ff"] ;
3 -> 9 ;
10 [label=<X<SUB>4</SUB> &le; 7491.5<br/>gini = 0.4245<br/>samples = 278<br/>value = [85, 193]>, fillcolor="#399de58f"] ;
2 -> 10 ;
11 [label=<X<SUB>1</SUB> &le; 11.5<br/>gini = 0.4131<br/>samples = 271<br/>value = [79, 192]>, fillcolor="#399de596"] ;
10 -> 11 ;
12 [label=<X<SUB>12</SUB> &le; 34.5<br/>gini = 0.2604<br/>samples = 78<br/>value = [12, 66]>, fillcolor="#399de5d1"] ;
11 -> 12 ;
13 [label=<gini = 0.4224<br/>samples = 33<br/>value = [10, 23]>, fillcolor="#399de590"] ;
12 -> 13 ;
14 [label=<gini = 0.0849<br/>samples = 45<br/>value = [2, 43]>, fillcolor="#399de5f3"] ;
12 -> 14 ;
15 [label=<X<SUB>4</SUB> &le; 1387.5<br/>gini = 0.4533<br/>samples = 193<br/>value = [67, 126]>, fillcolor="#399de577"] ;
11 -> 15 ;
16 [label=<gini = 0.4999<br/>samples = 73<br/>value = [37, 36]>, fillcolor="#e5813907"] ;
15 -> 16 ;
17 [label=<gini = 0.375<br/>samples = 120<br/>value = [30, 90]>, fillcolor="#399de5aa"] ;
15 -> 17 ;
18 [label=<X<SUB>14</SUB> &le; 1.5<br/>gini = 0.2449<br/>samples = 7<br/>value = [6, 1]>, fillcolor="#e58139d4"] ;
10 -> 18 ;
19 [label=<gini = 0.0<br/>samples = 1<br/>value = [0, 1]>, fillcolor="#399de5ff"] ;
18 -> 19 ;
20 [label=<gini = 0.0<br/>samples = 6<br/>value = [6, 0]>, fillcolor="#e58139ff"] ;
18 -> 20 ;
21 [label=<X<SUB>5</SUB> &le; 3.5<br/>gini = 0.4914<br/>samples = 237<br/>value = [134, 103]>, fillcolor="#e581393b"] ;
1 -> 21 ;
22 [label=<X<SUB>1</SUB> &le; 47.5<br/>gini = 0.47<br/>samples = 196<br/>value = [122, 74]>, fillcolor="#e5813964"] ;
21 -> 22 ;
23 [label=<X<SUB>4</SUB> &le; 2313.0<br/>gini = 0.4905<br/>samples = 160<br/>value = [91, 69]>, fillcolor="#e581393e"] ;
22 -> 23 ;
24 [label=<X<SUB>6</SUB> &le; 3.5<br/>gini = 0.3682<br/>samples = 37<br/>value = [28, 9]>, fillcolor="#e58139ad"] ;
23 -> 24 ;
25 [label=<gini = 0.1723<br/>samples = 21<br/>value = [19, 2]>, fillcolor="#e58139e4"] ;
24 -> 25 ;
26 [label=<gini = 0.4922<br/>samples = 16<br/>value = [9, 7]>, fillcolor="#e5813939"] ;
24 -> 26 ;
27 [label=<X<SUB>4</SUB> &le; 8015.5<br/>gini = 0.4997<br/>samples = 123<br/>value = [63, 60]>, fillcolor="#e581390c"] ;
23 -> 27 ;
28 [label=<gini = 0.4968<br/>samples = 100<br/>value = [46, 54]>, fillcolor="#399de526"] ;
27 -> 28 ;
29 [label=<gini = 0.3856<br/>samples = 23<br/>value = [17, 6]>, fillcolor="#e58139a5"] ;
27 -> 29 ;
30 [label=<X<SUB>10</SUB> &le; 1.5<br/>gini = 0.2392<br/>samples = 36<br/>value = [31, 5]>, fillcolor="#e58139d6"] ;
22 -> 30 ;
31 [label=<X<SUB>9</SUB> &le; 2.0<br/>gini = 0.4444<br/>samples = 3<br/>value = [1, 2]>, fillcolor="#399de57f"] ;
30 -> 31 ;
32 [label=<gini = 0.0<br/>samples = 2<br/>value = [0, 2]>, fillcolor="#399de5ff"] ;
31 -> 32 ;
33 [label=<gini = 0.0<br/>samples = 1<br/>value = [1, 0]>, fillcolor="#e58139ff"] ;
31 -> 33 ;
34 [label=<X<SUB>6</SUB> &le; 1.5<br/>gini = 0.1653<br/>samples = 33<br/>value = [30, 3]>, fillcolor="#e58139e6"] ;
30 -> 34 ;
35 [label=<gini = 0.0<br/>samples = 1<br/>value = [0, 1]>, fillcolor="#399de5ff"] ;
34 -> 35 ;
36 [label=<gini = 0.1172<br/>samples = 32<br/>value = [30, 2]>, fillcolor="#e58139ee"] ;
34 -> 36 ;
37 [label=<X<SUB>0</SUB> &le; 1.5<br/>gini = 0.414<br/>samples = 41<br/>value = [12, 29]>, fillcolor="#399de595"] ;
21 -> 37 ;
38 [label=<X<SUB>15</SUB> &le; 1.5<br/>gini = 0.4844<br/>samples = 17<br/>value = [10, 7]>, fillcolor="#e581394d"] ;
37 -> 38 ;
39 [label=<X<SUB>7</SUB> &le; 2.5<br/>gini = 0.355<br/>samples = 13<br/>value = [10, 3]>, fillcolor="#e58139b3"] ;
38 -> 39 ;
40 [label=<gini = 0.4444<br/>samples = 3<br/>value = [1, 2]>, fillcolor="#399de57f"] ;
39 -> 40 ;
41 [label=<gini = 0.18<br/>samples = 10<br/>value = [9, 1]>, fillcolor="#e58139e3"] ;
39 -> 41 ;
42 [label=<gini = 0.0<br/>samples = 4<br/>value = [0, 4]>, fillcolor="#399de5ff"] ;
38 -> 42 ;
43 [label=<X<SUB>4</SUB> &le; 12296.5<br/>gini = 0.1528<br/>samples = 24<br/>value = [2, 22]>, fillcolor="#399de5e8"] ;
37 -> 43 ;
44 [label=<X<SUB>9</SUB> &le; 1.5<br/>gini = 0.0832<br/>samples = 23<br/>value = [1, 22]>, fillcolor="#399de5f3"] ;
43 -> 44 ;
45 [label=<gini = 0.0<br/>samples = 21<br/>value = [0, 21]>, fillcolor="#399de5ff"] ;
44 -> 45 ;
46 [label=<gini = 0.5<br/>samples = 2<br/>value = [1, 1]>, fillcolor="#e5813900"] ;
44 -> 46 ;
47 [label=<gini = 0.0<br/>samples = 1<br/>value = [1, 0]>, fillcolor="#e58139ff"] ;
43 -> 47 ;
48 [label=<X<SUB>6</SUB> &le; 3.5<br/>gini = 0.2281<br/>samples = 457<br/>value = [60, 397]>, fillcolor="#399de5d8"] ;
0 -> 48 [labeldistance=2.5, labelangle=-45, headlabel="False"] ;
49 [label=<X<SUB>4</SUB> &le; 4158.0<br/>gini = 0.2966<br/>samples = 243<br/>value = [44, 199]>, fillcolor="#399de5c7"] ;
48 -> 49 ;
50 [label=<X<SUB>9</SUB> &le; 1.5<br/>gini = 0.2235<br/>samples = 195<br/>value = [25, 170]>, fillcolor="#399de5da"] ;
49 -> 50 ;
51 [label=<X<SUB>3</SUB> &le; 4.5<br/>gini = 0.1956<br/>samples = 182<br/>value = [20, 162]>, fillcolor="#399de5e0"] ;
50 -> 51 ;
52 [label=<X<SUB>2</SUB> &le; 0.5<br/>gini = 0.1359<br/>samples = 150<br/>value = [11, 139]>, fillcolor="#399de5eb"] ;
51 -> 52 ;
53 [label=<gini = 0.5<br/>samples = 2<br/>value = [1, 1]>, fillcolor="#e5813900"] ;
52 -> 53 ;
54 [label=<gini = 0.126<br/>samples = 148<br/>value = [10, 138]>, fillcolor="#399de5ed"] ;
52 -> 54 ;
55 [label=<X<SUB>13</SUB> &le; 2.5<br/>gini = 0.4043<br/>samples = 32<br/>value = [9, 23]>, fillcolor="#399de59b"] ;
51 -> 55 ;
56 [label=<gini = 0.2778<br/>samples = 6<br/>value = [5, 1]>, fillcolor="#e58139cc"] ;
55 -> 56 ;
57 [label=<gini = 0.2604<br/>samples = 26<br/>value = [4, 22]>, fillcolor="#399de5d1"] ;
55 -> 57 ;
58 [label=<X<SUB>12</SUB> &le; 24.0<br/>gini = 0.4734<br/>samples = 13<br/>value = [5, 8]>, fillcolor="#399de560"] ;
50 -> 58 ;
59 [label=<gini = 0.0<br/>samples = 2<br/>value = [2, 0]>, fillcolor="#e58139ff"] ;
58 -> 59 ;
60 [label=<X<SUB>7</SUB> &le; 3.0<br/>gini = 0.3967<br/>samples = 11<br/>value = [3, 8]>, fillcolor="#399de59f"] ;
58 -> 60 ;
61 [label=<gini = 0.0<br/>samples = 6<br/>value = [0, 6]>, fillcolor="#399de5ff"] ;
60 -> 61 ;
62 [label=<gini = 0.48<br/>samples = 5<br/>value = [3, 2]>, fillcolor="#e5813955"] ;
60 -> 62 ;
63 [label=<X<SUB>4</SUB> &le; 9569.0<br/>gini = 0.4783<br/>samples = 48<br/>value = [19, 29]>, fillcolor="#399de558"] ;
49 -> 63 ;
64 [label=<X<SUB>11</SUB> &le; 3.5<br/>gini = 0.4543<br/>samples = 43<br/>value = [15, 28]>, fillcolor="#399de576"] ;
63 -> 64 ;
65 [label=<X<SUB>18</SUB> &le; 1.5<br/>gini = 0.4861<br/>samples = 36<br/>value = [15, 21]>, fillcolor="#399de549"] ;
64 -> 65 ;
66 [label=<gini = 0.3457<br/>samples = 18<br/>value = [4, 14]>, fillcolor="#399de5b6"] ;
65 -> 66 ;
67 [label=<gini = 0.4753<br/>samples = 18<br/>value = [11, 7]>, fillcolor="#e581395d"] ;
65 -> 67 ;
68 [label=<gini = 0.0<br/>samples = 7<br/>value = [0, 7]>, fillcolor="#399de5ff"] ;
64 -> 68 ;
69 [label=<X<SUB>5</SUB> &le; 4.0<br/>gini = 0.32<br/>samples = 5<br/>value = [4, 1]>, fillcolor="#e58139bf"] ;
63 -> 69 ;
70 [label=<gini = 0.0<br/>samples = 4<br/>value = [4, 0]>, fillcolor="#e58139ff"] ;
69 -> 70 ;
71 [label=<gini = 0.0<br/>samples = 1<br/>value = [0, 1]>, fillcolor="#399de5ff"] ;
69 -> 71 ;
72 [label=<X<SUB>17</SUB> &le; 1.5<br/>gini = 0.1384<br/>samples = 214<br/>value = [16, 198]>, fillcolor="#399de5ea"] ;
48 -> 72 ;
73 [label=<X<SUB>12</SUB> &le; 22.5<br/>gini = 0.0887<br/>samples = 172<br/>value = [8, 164]>, fillcolor="#399de5f3"] ;
72 -> 73 ;
74 [label=<X<SUB>10</SUB> &le; 2.5<br/>gini = 0.4082<br/>samples = 7<br/>value = [2, 5]>, fillcolor="#399de599"] ;
73 -> 74 ;
75 [label=<gini = 0.0<br/>samples = 2<br/>value = [2, 0]>, fillcolor="#e58139ff"] ;
74 -> 75 ;
76 [label=<gini = 0.0<br/>samples = 5<br/>value = [0, 5]>, fillcolor="#399de5ff"] ;
74 -> 76 ;
77 [label=<X<SUB>12</SUB> &le; 65.5<br/>gini = 0.0701<br/>samples = 165<br/>value = [6, 159]>, fillcolor="#399de5f5"] ;
73 -> 77 ;
78 [label=<X<SUB>4</SUB> &le; 11578.5<br/>gini = 0.0595<br/>samples = 163<br/>value = [5, 158]>, fillcolor="#399de5f7"] ;
77 -> 78 ;
79 [label=<gini = 0.0487<br/>samples = 160<br/>value = [4, 156]>, fillcolor="#399de5f8"] ;
78 -> 79 ;
80 [label=<gini = 0.4444<br/>samples = 3<br/>value = [1, 2]>, fillcolor="#399de57f"] ;
78 -> 80 ;
81 [label=<X<SUB>2</SUB> &le; 2.5<br/>gini = 0.5<br/>samples = 2<br/>value = [1, 1]>, fillcolor="#e5813900"] ;
77 -> 81 ;
82 [label=<gini = 0.0<br/>samples = 1<br/>value = [0, 1]>, fillcolor="#399de5ff"] ;
81 -> 82 ;
83 [label=<gini = 0.0<br/>samples = 1<br/>value = [1, 0]>, fillcolor="#e58139ff"] ;
81 -> 83 ;
84 [label=<X<SUB>4</SUB> &le; 1270.0<br/>gini = 0.3084<br/>samples = 42<br/>value = [8, 34]>, fillcolor="#399de5c3"] ;
72 -> 84 ;
85 [label=<X<SUB>15</SUB> &le; 1.5<br/>gini = 0.4444<br/>samples = 6<br/>value = [4, 2]>, fillcolor="#e581397f"] ;
84 -> 85 ;
86 [label=<gini = 0.0<br/>samples = 4<br/>value = [4, 0]>, fillcolor="#e58139ff"] ;
85 -> 86 ;
87 [label=<gini = 0.0<br/>samples = 2<br/>value = [0, 2]>, fillcolor="#399de5ff"] ;
85 -> 87 ;
88 [label=<X<SUB>12</SUB> &le; 54.5<br/>gini = 0.1975<br/>samples = 36<br/>value = [4, 32]>, fillcolor="#399de5df"] ;
84 -> 88 ;
89 [label=<X<SUB>3</SUB> &le; 0.5<br/>gini = 0.1567<br/>samples = 35<br/>value = [3, 32]>, fillcolor="#399de5e7"] ;
88 -> 89 ;
90 [label=<gini = 0.3967<br/>samples = 11<br/>value = [3, 8]>, fillcolor="#399de59f"] ;
89 -> 90 ;
91 [label=<gini = 0.0<br/>samples = 24<br/>value = [0, 24]>, fillcolor="#399de5ff"] ;
89 -> 91 ;
92 [label=<gini = 0.0<br/>samples = 1<br/>value = [1, 0]>, fillcolor="#e58139ff"] ;
88 -> 92 ;
}